C51 COMPILER V7.08   S_TO_P_MAIN_BIT_                                                      11/25/2013 13:22:28 PAGE 1   


C51 COMPILER V7.08, COMPILATION OF MODULE S_TO_P_MAIN_BIT_
OBJECT MODULE PLACED IN s_to_p_main(bit).OBJ
COMPILER INVOKED BY: C:\Keil2\C51\BIN\C51.EXE s_to_p_main(bit).c BROWSE DEBUG OBJECTEXTEND

line level    source

   1          //using bit banging method
   2          #include<reg51.h>
   3          #include"delay.h"
   4          #include"74hc595.h"
*** ERROR C301 IN LINE 1 OF 74hc595.h: identifier expected
*** ERROR C301 IN LINE 2 OF 74hc595.h: identifier expected
   5          main()
   6          {
   7   1       unsigned int i;
   8   1      for(i=0;i<255;i++)
   9   1      {
  10   2       write_74hc595(i);
  11   2       delay_1ms(1000);
  12   2      }
  13   1      while(1);
  14   1      }

C51 COMPILATION COMPLETE.  0 WARNING(S),  2 ERROR(S)
