


ARM Macro Assembler    Page 1 


    1 00000000                 AREA             RESET,CODE,READONLY
    2 00000000                 ARM
    3 00000000                 ENTRY
    4 00000000         START
    5 00000000 E3A00001        MOV              R0,#1
    6 00000004         ;HERE   
    7 00000004         ;B HERE
    8 00000004                 END
Command Line: --debug --xref --apcs=interwork --depend=SAMPLE.d -oSAMPLE.o -IC:
\Keil4\ARM\RV31\INC -IC:\Keil4\ARM\CMSIS\Include -IC:\Keil4\ARM\Inc\Philips --p
redefine="__EVAL SETA 1" --list=SAMPLE.lst SAMPLE.S



ARM Macro Assembler    Page 1 Alphabetic symbol ordering
Relocatable symbols

RESET 00000000

Symbol: RESET
   Definitions
      At line 1 in file SAMPLE.S
   Uses
      None
Comment: RESET unused
START 00000000

Symbol: START
   Definitions
      At line 4 in file SAMPLE.S
   Uses
      None
Comment: START unused
2 symbols
333 symbols in table
