


ARM Macro Assembler    Page 1 


    1 00000000                 AREA             RESET,CODE,READONLY
    2 00000000                 ARM
    3 00000000                 ENTRY
    4 00000000         START
    5 00000000 E59F0014        ldr              r0,=0x12345678
    6 00000004         
    7 00000004 E3A01101        ldr              r1,=0x40000000
    8 00000008 E5810000        str              r0,[r1]
    9 0000000C E5D12000        ldrb             r2,[r1]
   10 00000010 E1D130B0        ldrh             r3,[r1]
   11 00000014 E5914000        ldr              r4,[r1]
   12 00000018         
   13 00000018         HERE
   14 00000018 EAFFFFFE        B                HERE
   15 0000001C                 END
              12345678 
Command Line: --debug --xref --apcs=interwork --depend=store_ram2.d -ostore_ram
2.o -IC:\Keil4\ARM\RV31\INC -IC:\Keil4\ARM\CMSIS\Include -IC:\Keil4\ARM\Inc\Phi
lips --predefine="__EVAL SETA 1" --list=store_ram2.lst store_ram2.S



ARM Macro Assembler    Page 1 Alphabetic symbol ordering
Relocatable symbols

HERE 00000018

Symbol: HERE
   Definitions
      At line 13 in file store_ram2.S
   Uses
      At line 14 in file store_ram2.S
Comment: HERE used once
RESET 00000000

Symbol: RESET
   Definitions
      At line 1 in file store_ram2.S
   Uses
      None
Comment: RESET unused
START 00000000

Symbol: START
   Definitions
      At line 4 in file store_ram2.S
   Uses
      None
Comment: START unused
3 symbols
336 symbols in table
