C51 COMPILER V7.08   1MSMAIN                                                               11/15/2013 15:23:38 PAGE 1   


C51 COMPILER V7.08, COMPILATION OF MODULE 1MSMAIN
OBJECT MODULE PLACED IN 1msmain.OBJ
COMPILER INVOKED BY: C:\Keil2\C51\BIN\C51.EXE 1msmain.c BROWSE DEBUG OBJECTEXTEND

line level    source

   1          #include"delay.h"
   2          #include<reg51.h.>
   3          sbit led=P2^4;
   4          main()
   5          {
   6   1      while(1)
   7   1      {
   8   2      led=~led;
   9   2      delay_1ms(100);
  10   2      }
  11   1      }


MODULE INFORMATION:   STATIC OVERLAYABLE
   CODE SIZE        =     36    ----
   CONSTANT SIZE    =   ----    ----
   XDATA SIZE       =   ----    ----
   PDATA SIZE       =   ----    ----
   DATA SIZE        =   ----    ----
   IDATA SIZE       =   ----    ----
   BIT SIZE         =   ----    ----
END OF MODULE INFORMATION.


C51 COMPILATION COMPLETE.  0 WARNING(S),  0 ERROR(S)
