C51 COMPILER V7.08   CGRAM                                                                 11/14/2013 17:26:04 PAGE 1   


C51 COMPILER V7.08, COMPILATION OF MODULE CGRAM
OBJECT MODULE PLACED IN cgram.OBJ
COMPILER INVOKED BY: C:\Keil2\C51\BIN\C51.EXE cgram.c BROWSE DEBUG OBJECTEXTEND

line level    source

   1          void build_cgram(char *s,unsigned int n)
   2          {
   3   1      unsigned char i;
   4   1      cmd_lcd(0x40);
*** WARNING C206 IN LINE 4 OF CGRAM.C: 'cmd_lcd': missing function-prototype
*** ERROR C267 IN LINE 4 OF CGRAM.C: 'cmd_lcd': requires ANSI-style prototype
   5   1      for(i=0;i<n;i++)
   6   1      {
   7   2      disp_lcd(s[i]);
   8   2      
   9   2      }
  10   1      cmd_lcd(ox80);
  11   1      
  12   1      
  13   1      }

C51 COMPILATION COMPLETE.  1 WARNING(S),  1 ERROR(S)
