C51 COMPILER V7.08   DELAY1                                                                11/14/2013 16:12:24 PAGE 1   


C51 COMPILER V7.08, COMPILATION OF MODULE DELAY1
OBJECT MODULE PLACED IN delay1.OBJ
COMPILER INVOKED BY: C:\Keil2\C51\BIN\C51.EXE delay1.c BROWSE DEBUG OBJECTEXTEND

line level    source

   1          void delay_1ms(unsigned int dly)
   2          {
   3   1      unsigned char i;
   4   1      for(;dly>0;dly--)
   5   1      {
   6   2      for(i=255;i>0;i--);
   7   2      for(i=232;i>0;i--);
   8   2      }
   9   1      }


MODULE INFORMATION:   STATIC OVERLAYABLE
   CODE SIZE        =     25    ----
   CONSTANT SIZE    =   ----    ----
   XDATA SIZE       =   ----    ----
   PDATA SIZE       =   ----    ----
   DATA SIZE        =   ----    ----
   IDATA SIZE       =   ----    ----
   BIT SIZE         =   ----    ----
END OF MODULE INFORMATION.


C51 COMPILATION COMPLETE.  0 WARNING(S),  0 ERROR(S)
