C51 COMPILER V7.08   MAIN_VECTOR                                                           11/16/2013 16:11:37 PAGE 1   


C51 COMPILER V7.08, COMPILATION OF MODULE MAIN_VECTOR
OBJECT MODULE PLACED IN C:\ISP'S\SP_ISP\bin\Debug\main_vector.obj
COMPILER INVOKED BY: C:\Keil2\C51\BIN\C51.EXE main_vector.c BROWSE DEBUG OBJECTEXTEND OBJECT(C:\ISP'S\SP_ISP\bin\Debug\m
                    -ain_vector.obj)

line level    source

   1          #include<reg51.h>
   2          #include"lcd.h"
   3          #include"delay.h"
   4          main()
   5          {
   6   1       unsigned char i;
   7   1      init_lcd();
   8   1      while(1)
   9   1      {
  10   2      for(i=0;i<10;i++)
  11   2      {
  12   3       str_lcd("vector");
  13   3      delay_1ms(250);
  14   3      cmd_lcd(0x01);
  15   3      delay_1ms(250);
  16   3      
  17   3      }
  18   2      for(i=0;i<10;i++)
  19   2      {
  20   3      cmd_lcd(0x80+i);
  21   3      str_lcd("vector");
  22   3      delay_1ms(250);
  23   3      cmd_lcd(0x01);
  24   3      }
  25   2      
  26   2      delay_1ms(2000);
  27   2      for(i=0;i<10;i++)
  28   2      {
  29   3      
  30   3      cmd_lcd(0x8f-i);
  31   3      str_lcd("vector");
  32   3      delay_1ms(250);
  33   3      cmd_lcd(0x01);
  34   3      }
  35   2      }
  36   1      }


MODULE INFORMATION:   STATIC OVERLAYABLE
   CODE SIZE        =    135    ----
   CONSTANT SIZE    =      7    ----
   XDATA SIZE       =   ----    ----
   PDATA SIZE       =   ----    ----
   DATA SIZE        =   ----       1
   IDATA SIZE       =   ----    ----
   BIT SIZE         =   ----    ----
END OF MODULE INFORMATION.


C51 COMPILATION COMPLETE.  0 WARNING(S),  0 ERROR(S)
