C51 COMPILER V7.08   MAIN_KEYPAD                                                           11/17/2013 10:47:24 PAGE 1   


C51 COMPILER V7.08, COMPILATION OF MODULE MAIN_KEYPAD
OBJECT MODULE PLACED IN C:\ISP'S\SP_ISP\bin\Debug\main_keypad.obj
COMPILER INVOKED BY: C:\Keil2\C51\BIN\C51.EXE main_keypad.c BROWSE DEBUG OBJECTEXTEND OBJECT(C:\ISP'S\SP_ISP\bin\Debug\m
                    -ain_keypad.obj)

line level    source

   1          #include<reg51.h>
   2          #include"keypad.h"
   3          #define leds P1
   4          main()
   5          {
   6   1      while(1)
   7   1      {
   8   2      leds=~keyscan();
   9   2      
  10   2      }
  11   1      
  12   1      
  13   1      }


MODULE INFORMATION:   STATIC OVERLAYABLE
   CODE SIZE        =      9    ----
   CONSTANT SIZE    =   ----    ----
   XDATA SIZE       =   ----    ----
   PDATA SIZE       =   ----    ----
   DATA SIZE        =   ----    ----
   IDATA SIZE       =   ----    ----
   BIT SIZE         =   ----    ----
END OF MODULE INFORMATION.


C51 COMPILATION COMPLETE.  0 WARNING(S),  0 ERROR(S)
