C51 COMPILER V7.08   MOUTH                                                                 01/30/2004 08:00:41 PAGE 1   


C51 COMPILER V7.08, COMPILATION OF MODULE MOUTH
OBJECT MODULE PLACED IN C:\ISP'S\SP_ISP\bin\mouth.obj
COMPILER INVOKED BY: C:\Keil2\C51\BIN\C51.EXE mouth.c BROWSE DEBUG OBJECTEXTEND OBJECT(C:\ISP'S\SP_ISP\bin\mouth.obj)

line level    source

   1          #include<reg51.h>
   2          #include"lcd.h"
   3          #include"delay.h"
   4          code unsigned char cgram_close[]={0x04,0x0A,0x11,0x17,0x11,0x11,0x0A,0x04};
   5          code unsigned char cgram_open[]={0x04,0x0A,0x11,0x12,0x14,0x12,0x09,0x06};
   6          main()
   7          {
   8   1      int i;
   9   1      char *str="welcome to vector";
  10   1      init_lcd();
  11   1      cmd_lcd(0x01);
  12   1      cmd_lcd(0x80);
  13   1      build_cgram(cgram_close,8);
  14   1      disp_lcd(0);
  15   1      cmd_lcd(0x81);
  16   1      str_lcd(str);
  17   1      delay_1ms(1000);
  18   1      cmd_lcd(0x080);
  19   1      build_cgram1(cgram_open,8);
  20   1      disp_lcd(1);
  21   1      
  22   1      
  23   1      while(1)
  24   1      {
  25   2      for(i=0;i<16;i++)
  26   2        {
  27   3         cmd_lcd(0x80+i+1);
  28   3         disp_lcd(0);
  29   3         cmd_lcd(0x80+i);
  30   3         disp_lcd(' ');
  31   3         delay_1ms(500);
  32   3         cmd_lcd(0x80+i+1);
  33   3         disp_lcd(1);
  34   3         delay_1ms(500);
  35   3        }
  36   2      
  37   2       for(i=16;i>0;i--)
  38   2         {
  39   3          cmd_lcd(0x80+i);
  40   3              disp_lcd(0);
  41   3              delay_1ms(500);
  42   3              cmd_lcd(0x80+i-1);
  43   3              disp_lcd(1);
  44   3              str_lcd(str+i);
  45   3              delay_1ms(500);
  46   3         }
  47   2      delay_1ms(1000);
  48   2      
  49   2      }
  50   1      }


MODULE INFORMATION:   STATIC OVERLAYABLE
   CODE SIZE        =    253    ----
   CONSTANT SIZE    =     34    ----
C51 COMPILER V7.08   MOUTH                                                                 01/30/2004 08:00:41 PAGE 2   

   XDATA SIZE       =   ----    ----
   PDATA SIZE       =   ----    ----
   DATA SIZE        =   ----       5
   IDATA SIZE       =   ----    ----
   BIT SIZE         =   ----    ----
END OF MODULE INFORMATION.


C51 COMPILATION COMPLETE.  0 WARNING(S),  0 ERROR(S)
