C51 COMPILER V7.08   MAIN                                                                  11/27/2013 14:05:43 PAGE 1   


C51 COMPILER V7.08, COMPILATION OF MODULE MAIN
OBJECT MODULE PLACED IN C:\ISP's\SP_ISP\main.obj
COMPILER INVOKED BY: C:\Keil\C51\BIN\C51.EXE main.c BROWSE DEBUG OBJECTEXTEND OBJECT(C:\ISP's\SP_ISP\main.obj)

line level    source

   1          #include<reg51.h>
   2          #include"delay.h"
   3          #include"seg.h"
   4          
   5          main()
   6          {
   7   1      
   8   1      while(1)
   9   1      {
  10   2       disp_4_mux_segs(1);
  11   2      //delay_ms(100000);
  12   2      //disp_4_mux_segs(12);
  13   2      //delay_ms(100000);
  14   2      //disp_4_mux_segs(123);
  15   2      //delay_ms(100000);
  16   2      //disp_4_mux_segs(1234);
  17   2      
  18   2      
  19   2       //dispf_4_mux_segs(78.65);
  20   2      
  21   2      }
  22   1      
  23   1      }


MODULE INFORMATION:   STATIC OVERLAYABLE
   CODE SIZE        =      9    ----
   CONSTANT SIZE    =   ----    ----
   XDATA SIZE       =   ----    ----
   PDATA SIZE       =   ----    ----
   DATA SIZE        =   ----    ----
   IDATA SIZE       =   ----    ----
   BIT SIZE         =   ----    ----
END OF MODULE INFORMATION.


C51 COMPILATION COMPLETE.  0 WARNING(S),  0 ERROR(S)
